<?xml version="1.0" encoding="UTF-8"?>
<!-- Generated by org.testng.reporters.JUnitXMLReporter -->
<testsuite hostname="qc" ignored="0" name="Command line test" tests="10" failures="0" timestamp="10 Jul 2018 10:46:32 GMT" time="18.335" errors="0">
  <testcase name="@BeforeTest setUp" time="17.812" classname="com.hms.qa.tests.AddUserPageTest">
    <failure type="org.openqa.selenium.WebDriverException" message="Failed to decode response from marionette
Build info: version: &amp;apos;3.13.0&amp;apos;, revision: &amp;apos;2f0d292&amp;apos;, time: &amp;apos;2018-06-25T15:24:21.231Z&amp;apos;
System info: host: &amp;apos;qc&amp;apos;, ip: &amp;apos;127.0.1.1&amp;apos;, os.name: &amp;apos;Linux&amp;apos;, os.arch: &amp;apos;amd64&amp;apos;, os.version: &amp;apos;4.15.0-24-generic&amp;apos;, java.version: &amp;apos;1.8.0_171&amp;apos;
Driver info: org.openqa.selenium.firefox.FirefoxDriver
Capabilities {acceptInsecureCerts: true, browserName: firefox, browserVersion: 61.0, javascriptEnabled: true, moz:accessibilityChecks: false, moz:headless: false, moz:processID: 17716, moz:profile: /tmp/rust_mozprofile.yHOvDI..., moz:useNonSpecCompliantPointerOrigin: false, moz:webdriverClick: true, pageLoadStrategy: normal, platform: LINUX, platformName: LINUX, platformVersion: 4.15.0-24-generic, rotatable: false, timeouts: {implicit: 0, pageLoad: 300000, script: 30000}}
Session ID: ddb7c604-a8bd-4aa7-bffb-84b7aef4263b
*** Element info: {Using=xpath, value=//a[@data-hover=&amp;apos;SIGNIN&amp;apos;]}">
      <![CDATA[org.openqa.selenium.WebDriverException: Failed to decode response from marionette
Build info: version: '3.13.0', revision: '2f0d292', time: '2018-06-25T15:24:21.231Z'
System info: host: 'qc', ip: '127.0.1.1', os.name: 'Linux', os.arch: 'amd64', os.version: '4.15.0-24-generic', java.version: '1.8.0_171'
Driver info: org.openqa.selenium.firefox.FirefoxDriver
Capabilities {acceptInsecureCerts: true, browserName: firefox, browserVersion: 61.0, javascriptEnabled: true, moz:accessibilityChecks: false, moz:headless: false, moz:processID: 17716, moz:profile: /tmp/rust_mozprofile.yHOvDI..., moz:useNonSpecCompliantPointerOrigin: false, moz:webdriverClick: true, pageLoadStrategy: normal, platform: LINUX, platformName: LINUX, platformVersion: 4.15.0-24-generic, rotatable: false, timeouts: {implicit: 0, pageLoad: 300000, script: 30000}}
Session ID: ddb7c604-a8bd-4aa7-bffb-84b7aef4263b
*** Element info: {Using=xpath, value=//a[@data-hover='SIGNIN']}
at org.openqa.selenium.remote.http.W3CHttpResponseCodec.createException(W3CHttpResponseCodec.java:187)
at org.openqa.selenium.remote.http.W3CHttpResponseCodec.decode(W3CHttpResponseCodec.java:122)
at org.openqa.selenium.remote.http.W3CHttpResponseCodec.decode(W3CHttpResponseCodec.java:49)
at org.openqa.selenium.remote.HttpCommandExecutor.execute(HttpCommandExecutor.java:158)
at org.openqa.selenium.remote.service.DriverCommandExecutor.execute(DriverCommandExecutor.java:83)
at org.openqa.selenium.remote.RemoteWebDriver.execute(RemoteWebDriver.java:548)
at org.openqa.selenium.remote.RemoteWebDriver.findElement(RemoteWebDriver.java:322)
at org.openqa.selenium.remote.RemoteWebDriver.findElementByXPath(RemoteWebDriver.java:424)
at org.openqa.selenium.By$ByXPath.findElement(By.java:353)
at org.openqa.selenium.remote.RemoteWebDriver.findElement(RemoteWebDriver.java:314)
at org.openqa.selenium.support.pagefactory.DefaultElementLocator.findElement(DefaultElementLocator.java:69)
at org.openqa.selenium.support.pagefactory.internal.LocatingElementHandler.invoke(LocatingElementHandler.java:38)
at com.sun.proxy.$Proxy9.click(Unknown Source)
at com.hms.qa.pages.LoginPage.login(LoginPage.java:51)
at com.hms.qa.tests.AddUserPageTest.setUp(AddUserPageTest.java:36)
... Removed 38 stack frames]]>
    </failure>
  </testcase> <!-- @BeforeTest setUp -->
  <testcase name="@BeforeMethod setUp" time="0.0" classname="com.hms.qa.tests.CreateNewHostelTest">
    <skipped/>
  </testcase> <!-- @BeforeMethod setUp -->
  <testcase name="@AfterMethod tearDown" time="0.0" classname="com.hms.qa.tests.CreateNewHostelTest">
    <skipped/>
  </testcase> <!-- @AfterMethod tearDown -->
  <testcase name="@BeforeMethod setUp" time="0.0" classname="com.hms.qa.tests.LoginPageTest">
    <skipped/>
  </testcase> <!-- @BeforeMethod setUp -->
  <testcase name="@AfterMethod tearDown" time="0.0" classname="com.hms.qa.tests.LoginPageTest">
    <skipped/>
  </testcase> <!-- @AfterMethod tearDown -->
  <testcase name="@BeforeMethod setUp" time="0.0" classname="com.hms.qa.tests.CreateNewHostelTest">
    <skipped/>
  </testcase> <!-- @BeforeMethod setUp -->
  <testcase name="@AfterMethod tearDown" time="0.0" classname="com.hms.qa.tests.CreateNewHostelTest">
    <skipped/>
  </testcase> <!-- @AfterMethod tearDown -->
  <testcase name="@BeforeMethod setUp" time="0.0" classname="com.hms.qa.tests.LoginPageTest">
    <skipped/>
  </testcase> <!-- @BeforeMethod setUp -->
  <testcase name="@AfterMethod tearDown" time="0.0" classname="com.hms.qa.tests.LoginPageTest">
    <skipped/>
  </testcase> <!-- @AfterMethod tearDown -->
  <testcase name="@BeforeMethod setUp" time="0.0" classname="com.hms.qa.tests.CreateNewHostelTest">
    <skipped/>
  </testcase> <!-- @BeforeMethod setUp -->
  <testcase name="@AfterMethod tearDown" time="0.0" classname="com.hms.qa.tests.CreateNewHostelTest">
    <skipped/>
  </testcase> <!-- @AfterMethod tearDown -->
  <testcase name="@BeforeMethod setUp" time="0.0" classname="com.hms.qa.tests.LoginPageTest">
    <skipped/>
  </testcase> <!-- @BeforeMethod setUp -->
  <testcase name="@AfterMethod tearDown" time="0.0" classname="com.hms.qa.tests.LoginPageTest">
    <skipped/>
  </testcase> <!-- @AfterMethod tearDown -->
  <testcase name="verifyAdminPageTitleTest" time="0.0" classname="com.hms.qa.tests.CreateNewHostelTest">
    <skipped/>
  </testcase> <!-- verifyAdminPageTitleTest -->
  <testcase name="loginPageTitleTest" time="0.0" classname="com.hms.qa.tests.LoginPageTest">
    <skipped/>
  </testcase> <!-- loginPageTitleTest -->
  <testcase name="verifyUserPageTitleTest" time="0.0" classname="com.hms.qa.tests.AddUserPageTest">
    <skipped/>
  </testcase> <!-- verifyUserPageTitleTest -->
  <testcase name="hostelDetailsTest" time="0.0" classname="com.hms.qa.tests.CreateNewHostelTest">
    <skipped/>
  </testcase> <!-- hostelDetailsTest -->
  <testcase name="hmsLogoImageTest" time="0.0" classname="com.hms.qa.tests.LoginPageTest">
    <skipped/>
  </testcase> <!-- hmsLogoImageTest -->
  <testcase name="selectUsersTest" time="0.0" classname="com.hms.qa.tests.AddUserPageTest">
    <skipped/>
  </testcase> <!-- selectUsersTest -->
  <testcase name="hostelRoomsTest" time="0.0" classname="com.hms.qa.tests.CreateNewHostelTest">
    <skipped/>
  </testcase> <!-- hostelRoomsTest -->
  <testcase name="loginTest" time="0.0" classname="com.hms.qa.tests.LoginPageTest">
    <skipped/>
  </testcase> <!-- loginTest -->
  <testcase name="clickAddUserTest" time="0.0" classname="com.hms.qa.tests.AddUserPageTest">
    <skipped/>
  </testcase> <!-- clickAddUserTest -->
  <testcase name="enterUserDetailTest" time="0.0" classname="com.hms.qa.tests.AddUserPageTest">
    <skipped/>
  </testcase> <!-- enterUserDetailTest -->
</testsuite> <!-- Command line test -->
